  main.cpp
C:\Program Files (x86)\Windows Kits\10\Include\10.0.22000.0\shared\minwindef.h(130,1): warning C4005: 'APIENTRY': macro redefinition
C:\Users\andre\Documents\OpenGLLibs\include\GLFW\glfw3.h(123,1): message : see previous definition of 'APIENTRY'
C:\Users\andre\Documents\PG\ProiectPGfinal\Proiect\Proiect\main.cpp(90,27): warning C4305: 'initializing': truncation from 'double' to 'float'
C:\Users\andre\Documents\PG\ProiectPGfinal\Proiect\Proiect\main.cpp(208,48): warning C4244: 'argument': conversion from 'double' to 'float', possible loss of data
C:\Users\andre\Documents\PG\ProiectPGfinal\Proiect\Proiect\main.cpp(214,49): warning C4244: 'argument': conversion from 'double' to 'float', possible loss of data
C:\Users\andre\Documents\PG\ProiectPGfinal\Proiect\Proiect\main.cpp(220,45): warning C4244: 'argument': conversion from 'double' to 'float', possible loss of data
C:\Users\andre\Documents\PG\ProiectPGfinal\Proiect\Proiect\main.cpp(226,46): warning C4244: 'argument': conversion from 'double' to 'float', possible loss of data
C:\Users\andre\Documents\PG\ProiectPGfinal\Proiect\Proiect\main.cpp(299,22): warning C4244: '=': conversion from 'double' to 'float', possible loss of data
C:\Users\andre\Documents\PG\ProiectPGfinal\Proiect\Proiect\main.cpp(308,22): warning C4244: '=': conversion from 'double' to 'float', possible loss of data
C:\Users\andre\Documents\PG\ProiectPGfinal\Proiect\Proiect\main.cpp(422,33): warning C4305: 'argument': truncation from 'double' to 'GLfloat'
C:\Users\andre\Documents\PG\ProiectPGfinal\Proiect\Proiect\main.cpp(512,28): warning C4244: 'initializing': conversion from 'double' to 'float', possible loss of data
C:\Users\andre\Documents\PG\ProiectPGfinal\Proiect\Proiect\main.cpp(517,22): warning C4244: 'initializing': conversion from 'double' to 'float', possible loss of data
C:\Users\andre\Documents\PG\ProiectPGfinal\Proiect\Proiect\main.cpp(535,28): warning C4244: 'initializing': conversion from 'double' to 'float', possible loss of data
C:\Users\andre\Documents\PG\ProiectPGfinal\Proiect\Proiect\main.cpp(637,27): warning C4305: '+=': truncation from 'double' to 'float'
C:\Users\andre\Documents\PG\ProiectPGfinal\Proiect\Proiect\main.cpp(644,27): warning C4305: '+=': truncation from 'double' to 'float'
C:\Users\andre\Documents\PG\ProiectPGfinal\Proiect\Proiect\main.cpp(660,27): warning C4305: '+=': truncation from 'double' to 'float'
  Generating code
  2 of 1826 functions ( 0.1%) were compiled, the rest were copied from previous compilation.
    0 functions were new in current compilation
    18 functions had inline decision re-evaluated but remain unchanged
  Finished generating code
LINK : warning LNK4286: symbol 'glewInit' defined in 'libglew32.lib(glew.obj)' is imported by 'Scene.obj'
LINK : warning LNK4286: symbol 'glewExperimental' defined in 'libglew32.lib(glew.obj)' is imported by 'Scene.obj'
  Proiect.vcxproj -> C:\Users\andre\Documents\PG\ProiectPGfinal\Proiect\x64\Release\Proiect.exe
